<?xml version="1.0" encoding="UTF-8"?>
<!-- Generated by org.testng.reporters.JUnitReportReporter -->
<testsuite hostname="DESKTOP-QI5KFMA" failures="0" tests="1" name="finalExam.Practical2" time="0.020" errors="0" timestamp="17 Dec 2023 19:17:40 GMT" skipped="0">
  <testcase classname="finalExam.Practical2" name="conFigRead" time="0.020"/>
</testsuite> <!-- finalExam.Practical2 -->
